<?xml version="1.0" encoding="UTF-8"?>
<!-- Generated by org.testng.reporters.JUnitReportReporter -->
<testsuite hostname="Jiri-MacBook-Pro-2.local" failures="0" tests="1" name="com.monster.task.AppTest" time="0.000" errors="0" timestamp="7 Jun 2020 22:06:21 GMT">
  <testcase classname="com.monster.task.AppTest" name="shouldAnswerWithTrue" time="0.000"/>
</testsuite> <!-- com.monster.task.AppTest -->
