<?xml version="1.0" encoding="UTF-8"?>
<!-- Generated by org.testng.reporters.JUnitReportReporter -->
<testsuite hostname="Jiri-MacBook-Pro-2.local" failures="0" tests="1" name="com.monster.task.GoogleTest" time="4.071" errors="0" timestamp="7 Jun 2020 17:39:11 GMT">
  <testcase classname="com.monster.task.GoogleTest" name="userCanSearch" time="4.071"/>
</testsuite> <!-- com.monster.task.GoogleTest -->
